# JRE version: Java(TM) SE Runtime Environment (8.0_181-b13) (build 1.8.0_181-b13)
# Java VM: Java HotSpot(TM) 64-Bit Server VM (25.181-b13 mixed mode windows-amd64 compressed oops)
Heap:
 PSYoungGen      total 221184K, used 51562K [0x00000000d6200000, 0x00000000e8800000, 0x0000000100000000)
  eden space 205312K, 25% used [0x00000000d6200000,0x00000000d945aba0,0x00000000e2a80000)
  from space 15872K, 0% used [0x00000000e2a80000,0x00000000e2a80000,0x00000000e3a00000)
  to   space 16384K, 0% used [0x00000000e7800000,0x00000000e7800000,0x00000000e8800000)
 ParOldGen       total 92672K, used 22278K [0x0000000082600000, 0x0000000088080000, 0x00000000d6200000)
  object space 92672K, 24% used [0x0000000082600000,0x0000000083bc1aa8,0x0000000088080000)
 Metaspace       used 37248K, capacity 37954K, committed 38232K, reserved 1083392K
  class space    used 4817K, capacity 4973K, committed 4992K, reserved 1048576K
GC Heap History (10 events):
Event: 12.595 GC heap before
{Heap before GC invocations=9 (full 1):
 PSYoungGen      total 135168K, used 132106K [0x00000000d6200000, 0x00000000e0c00000, 0x0000000100000000)
  eden space 126464K, 100% used [0x00000000d6200000,0x00000000ddd80000,0x00000000ddd80000)
  from space 8704K, 64% used [0x00000000ddd80000,0x00000000de302860,0x00000000de600000)
  to   space 8192K, 0% used [0x00000000e0400000,0x00000000e0400000,0x00000000e0c00000)
 ParOldGen       total 55808K, used 6968K [0x0000000082600000, 0x0000000085c80000, 0x00000000d6200000)
  object space 55808K, 12% used [0x0000000082600000,0x0000000082cce3d0,0x0000000085c80000)
 Metaspace       used 28413K, capacity 28874K, committed 29184K, reserved 1075200K
  class space    used 3707K, capacity 3826K, committed 3840K, reserved 1048576K
Event: 12.626 GC heap after
Heap after GC invocations=9 (full 1):
 PSYoungGen      total 162304K, used 8180K [0x00000000d6200000, 0x00000000e3a80000, 0x0000000100000000)
  eden space 154112K, 0% used [0x00000000d6200000,0x00000000d6200000,0x00000000df880000)
  from space 8192K, 99% used [0x00000000e0400000,0x00000000e0bfd0b0,0x00000000e0c00000)
  to   space 11776K, 0% used [0x00000000df880000,0x00000000df880000,0x00000000e0400000)
 ParOldGen       total 55808K, used 13359K [0x0000000082600000, 0x0000000085c80000, 0x00000000d6200000)
  object space 55808K, 23% used [0x0000000082600000,0x000000008330be88,0x0000000085c80000)
 Metaspace       used 28413K, capacity 28874K, committed 29184K, reserved 1075200K
  class space    used 3707K, capacity 3826K, committed 3840K, reserved 1048576K
}
Event: 14.823 GC heap before
{Heap before GC invocations=10 (full 1):
 PSYoungGen      total 162304K, used 162292K [0x00000000d6200000, 0x00000000e3a80000, 0x0000000100000000)
  eden space 154112K, 100% used [0x00000000d6200000,0x00000000df880000,0x00000000df880000)
  from space 8192K, 99% used [0x00000000e0400000,0x00000000e0bfd0b0,0x00000000e0c00000)
  to   space 11776K, 0% used [0x00000000df880000,0x00000000df880000,0x00000000e0400000)
 ParOldGen       total 55808K, used 13359K [0x0000000082600000, 0x0000000085c80000, 0x00000000d6200000)
  object space 55808K, 23% used [0x0000000082600000,0x000000008330be88,0x0000000085c80000)
 Metaspace       used 30923K, capacity 31432K, committed 31616K, reserved 1077248K
  class space    used 4042K, capacity 4167K, committed 4224K, reserved 1048576K
Event: 14.855 GC heap after
Heap after GC invocations=10 (full 1):
 PSYoungGen      total 165888K, used 11756K [0x00000000d6200000, 0x00000000e4880000, 0x0000000100000000)
  eden space 154112K, 0% used [0x00000000d6200000,0x00000000d6200000,0x00000000df880000)
  from space 11776K, 99% used [0x00000000df880000,0x00000000e03fb288,0x00000000e0400000)
  to   space 14848K, 0% used [0x00000000e3a00000,0x00000000e3a00000,0x00000000e4880000)
 ParOldGen       total 55808K, used 17686K [0x0000000082600000, 0x0000000085c80000, 0x00000000d6200000)
  object space 55808K, 31% used [0x0000000082600000,0x0000000083745918,0x0000000085c80000)
 Metaspace       used 30923K, capacity 31432K, committed 31616K, reserved 1077248K
  class space    used 4042K, capacity 4167K, committed 4224K, reserved 1048576K
}
Event: 16.526 GC heap before
{Heap before GC invocations=11 (full 1):
 PSYoungGen      total 165888K, used 165868K [0x00000000d6200000, 0x00000000e4880000, 0x0000000100000000)
  eden space 154112K, 100% used [0x00000000d6200000,0x00000000df880000,0x00000000df880000)
  from space 11776K, 99% used [0x00000000df880000,0x00000000e03fb288,0x00000000e0400000)
  to   space 14848K, 0% used [0x00000000e3a00000,0x00000000e3a00000,0x00000000e4880000)
 ParOldGen       total 55808K, used 17686K [0x0000000082600000, 0x0000000085c80000, 0x00000000d6200000)
  object space 55808K, 31% used [0x0000000082600000,0x0000000083745918,0x0000000085c80000)
 Metaspace       used 32828K, capacity 33444K, committed 33664K, reserved 1079296K
  class space    used 4291K, capacity 4449K, committed 4480K, reserved 1048576K
Event: 16.561 GC heap after
Heap after GC invocations=11 (full 1):
 PSYoungGen      total 220160K, used 12726K [0x00000000d6200000, 0x00000000e4c00000, 0x0000000100000000)
  eden space 205312K, 0% used [0x00000000d6200000,0x00000000d6200000,0x00000000e2a80000)
  from space 14848K, 85% used [0x00000000e3a00000,0x00000000e466d9a8,0x00000000e4880000)
  to   space 15872K, 0% used [0x00000000e2a80000,0x00000000e2a80000,0x00000000e3a00000)
 ParOldGen       total 55808K, used 23512K [0x0000000082600000, 0x0000000085c80000, 0x00000000d6200000)
  object space 55808K, 42% used [0x0000000082600000,0x0000000083cf6268,0x0000000085c80000)
 Metaspace       used 32828K, capacity 33444K, committed 33664K, reserved 1079296K
  class space    used 4291K, capacity 4449K, committed 4480K, reserved 1048576K
}
Event: 51.222 GC heap before
{Heap before GC invocations=12 (full 1):
 PSYoungGen      total 220160K, used 137071K [0x00000000d6200000, 0x00000000e4c00000, 0x0000000100000000)
  eden space 205312K, 60% used [0x00000000d6200000,0x00000000ddb6e450,0x00000000e2a80000)
  from space 14848K, 85% used [0x00000000e3a00000,0x00000000e466d9a8,0x00000000e4880000)
  to   space 15872K, 0% used [0x00000000e2a80000,0x00000000e2a80000,0x00000000e3a00000)
 ParOldGen       total 55808K, used 23512K [0x0000000082600000, 0x0000000085c80000, 0x00000000d6200000)
  object space 55808K, 42% used [0x0000000082600000,0x0000000083cf6268,0x0000000085c80000)
 Metaspace       used 34617K, capacity 35296K, committed 35416K, reserved 1079296K
  class space    used 4522K, capacity 4674K, committed 4736K, reserved 1048576K
Event: 51.235 GC heap after
Heap after GC invocations=12 (full 1):
 PSYoungGen      total 221184K, used 3001K [0x00000000d6200000, 0x00000000e8800000, 0x0000000100000000)
  eden space 205312K, 0% used [0x00000000d6200000,0x00000000d6200000,0x00000000e2a80000)
  from space 15872K, 18% used [0x00000000e2a80000,0x00000000e2d6e6d0,0x00000000e3a00000)
  to   space 16384K, 0% used [0x00000000e7800000,0x00000000e7800000,0x00000000e8800000)
 ParOldGen       total 55808K, used 29776K [0x0000000082600000, 0x0000000085c80000, 0x00000000d6200000)
  object space 55808K, 53% used [0x0000000082600000,0x0000000084314310,0x0000000085c80000)
 Metaspace       used 34617K, capacity 35296K, committed 35416K, reserved 1079296K
  class space    used 4522K, capacity 4674K, committed 4736K, reserved 1048576K
}
Event: 51.235 GC heap before
{Heap before GC invocations=13 (full 2):
 PSYoungGen      total 221184K, used 3001K [0x00000000d6200000, 0x00000000e8800000, 0x0000000100000000)
  eden space 205312K, 0% used [0x00000000d6200000,0x00000000d6200000,0x00000000e2a80000)
  from space 15872K, 18% used [0x00000000e2a80000,0x00000000e2d6e6d0,0x00000000e3a00000)
  to   space 16384K, 0% used [0x00000000e7800000,0x00000000e7800000,0x00000000e8800000)
 ParOldGen       total 55808K, used 29776K [0x0000000082600000, 0x0000000085c80000, 0x00000000d6200000)
  object space 55808K, 53% used [0x0000000082600000,0x0000000084314310,0x0000000085c80000)
 Metaspace       used 34617K, capacity 35296K, committed 35416K, reserved 1079296K
  class space    used 4522K, capacity 4674K, committed 4736K, reserved 1048576K
Event: 51.362 GC heap after
Heap after GC invocations=13 (full 2):
 PSYoungGen      total 221184K, used 0K [0x00000000d6200000, 0x00000000e8800000, 0x0000000100000000)
  eden space 205312K, 0% used [0x00000000d6200000,0x00000000d6200000,0x00000000e2a80000)
  from space 15872K, 0% used [0x00000000e2a80000,0x00000000e2a80000,0x00000000e3a00000)
  to   space 16384K, 0% used [0x00000000e7800000,0x00000000e7800000,0x00000000e8800000)
 ParOldGen       total 92672K, used 22278K [0x0000000082600000, 0x0000000088080000, 0x00000000d6200000)
  object space 92672K, 24% used [0x0000000082600000,0x0000000083bc1aa8,0x0000000088080000)
 Metaspace       used 34617K, capacity 35296K, committed 35416K, reserved 1079296K
  class space    used 4522K, capacity 4674K, committed 4736K, reserved 1048576K
}

